<?xml version="1.0" encoding="UTF-8"?>
<testng-results skipped="0" failed="0" ignored="0" total="1" passed="1">
  <reporter-output>
  </reporter-output>
  <suite name="Default suite" duration-ms="11044" started-at="2020-03-09T15:58:18 IST" finished-at="2020-03-09T15:58:29 IST">
    <groups>
    </groups>
    <test name="Default test" duration-ms="11044" started-at="2020-03-09T15:58:18 IST" finished-at="2020-03-09T15:58:29 IST">
      <class name="api_test.Upload_Test_Cases">
        <test-method status="PASS" signature="uploadTestCases()[pri:0, instance:api_test.Upload_Test_Cases@76707e36]" name="uploadTestCases" duration-ms="10931" started-at="2020-03-09T15:58:18 IST" finished-at="2020-03-09T15:58:29 IST">
          <reporter-output>
          </reporter-output>
        </test-method> <!-- uploadTestCases -->
      </class> <!-- api_test.Upload_Test_Cases -->
    </test> <!-- Default test -->
  </suite> <!-- Default suite -->
</testng-results>
